C:\USERS\LUIS ROJAS\DOCUMENTS\VISUAL STUDIO 2010\PROJECTS\IRRLICHTVR\DEBUG\IRRLICHTVR.EXE
C:\USERS\LUIS ROJAS\DOCUMENTS\VISUAL STUDIO 2010\PROJECTS\IRRLICHTVR\DEBUG\IRRLICHTVR.ILK
C:\USERS\LUIS ROJAS\DOCUMENTS\VISUAL STUDIO 2010\PROJECTS\IRRLICHTVR\DEBUG\IRRLICHTVR.PDB
C:\Users\Luis Rojas\Documents\Visual Studio 2010\Projects\IrrlichtVR\IrrlichtVR\Debug\cl.command.1.tlog
C:\Users\Luis Rojas\Documents\Visual Studio 2010\Projects\IrrlichtVR\IrrlichtVR\Debug\CL.read.1.tlog
C:\Users\Luis Rojas\Documents\Visual Studio 2010\Projects\IrrlichtVR\IrrlichtVR\Debug\CL.write.1.tlog
C:\USERS\LUIS ROJAS\DOCUMENTS\VISUAL STUDIO 2010\PROJECTS\IRRLICHTVR\IRRLICHTVR\DEBUG\IRRLICHTVR.EXE.EMBED.MANIFEST
C:\USERS\LUIS ROJAS\DOCUMENTS\VISUAL STUDIO 2010\PROJECTS\IRRLICHTVR\IRRLICHTVR\DEBUG\IRRLICHTVR.EXE.EMBED.MANIFEST.RES
C:\USERS\LUIS ROJAS\DOCUMENTS\VISUAL STUDIO 2010\PROJECTS\IRRLICHTVR\IRRLICHTVR\DEBUG\IRRLICHTVR.EXE.INTERMEDIATE.MANIFEST
C:\Users\Luis Rojas\Documents\Visual Studio 2010\Projects\IrrlichtVR\IrrlichtVR\Debug\IrrlichtVR.write.1.tlog
C:\Users\Luis Rojas\Documents\Visual Studio 2010\Projects\IrrlichtVR\IrrlichtVR\Debug\IrrlichtVR_manifest.rc
C:\USERS\LUIS ROJAS\DOCUMENTS\VISUAL STUDIO 2010\PROJECTS\IRRLICHTVR\IRRLICHTVR\DEBUG\IWEAR_TRACKING.OBJ
C:\Users\Luis Rojas\Documents\Visual Studio 2010\Projects\IrrlichtVR\IrrlichtVR\Debug\link.command.1.tlog
C:\Users\Luis Rojas\Documents\Visual Studio 2010\Projects\IrrlichtVR\IrrlichtVR\Debug\link.read.1.tlog
C:\Users\Luis Rojas\Documents\Visual Studio 2010\Projects\IrrlichtVR\IrrlichtVR\Debug\link.write.1.tlog
C:\Users\Luis Rojas\Documents\Visual Studio 2010\Projects\IrrlichtVR\IrrlichtVR\Debug\link-cvtres.read.1.tlog
C:\Users\Luis Rojas\Documents\Visual Studio 2010\Projects\IrrlichtVR\IrrlichtVR\Debug\link-cvtres.write.1.tlog
C:\USERS\LUIS ROJAS\DOCUMENTS\VISUAL STUDIO 2010\PROJECTS\IRRLICHTVR\IRRLICHTVR\DEBUG\MAIN.OBJ
C:\Users\Luis Rojas\Documents\Visual Studio 2010\Projects\IrrlichtVR\IrrlichtVR\Debug\mt.command.1.tlog
C:\Users\Luis Rojas\Documents\Visual Studio 2010\Projects\IrrlichtVR\IrrlichtVR\Debug\mt.read.1.tlog
C:\Users\Luis Rojas\Documents\Visual Studio 2010\Projects\IrrlichtVR\IrrlichtVR\Debug\mt.write.1.tlog
C:\Users\Luis Rojas\Documents\Visual Studio 2010\Projects\IrrlichtVR\IrrlichtVR\Debug\rc.command.1.tlog
C:\Users\Luis Rojas\Documents\Visual Studio 2010\Projects\IrrlichtVR\IrrlichtVR\Debug\rc.read.1.tlog
C:\Users\Luis Rojas\Documents\Visual Studio 2010\Projects\IrrlichtVR\IrrlichtVR\Debug\rc.write.1.tlog
C:\Users\Luis Rojas\Documents\Visual Studio 2010\Projects\IrrlichtVR\IrrlichtVR\Debug\vc100.idb
C:\USERS\LUIS ROJAS\DOCUMENTS\VISUAL STUDIO 2010\PROJECTS\IRRLICHTVR\IRRLICHTVR\DEBUG\VC100.PDB
