Build started 08/10/2014 10:51:31 p.m..
     1>Project "C:\Users\Luis Rojas\Documents\Visual Studio 2010\Projects\IrrlichtVR\IrrlichtVR\IrrlichtVR.vcxproj" on node 2 (build target(s)).
     1>InitializeBuildStatus:
         Creating "Debug\IrrlichtVR.unsuccessfulbuild" because "AlwaysCreate" was specified.
       ClCompile:
         C:\Program Files\Microsoft Visual Studio 10.0\VC\bin\CL.exe /c /ZI /nologo /W3 /WX- /Od /Oy- /D WIN32 /D _DEBUG /D _CONSOLE /D _UNICODE /D UNICODE /Gm /EHsc /RTC1 /MDd /GS /fp:precise /Zc:wchar_t /Zc:forScope /Fo"Debug\\" /Fd"Debug\vc100.pdb" /Gd /TP /analyze- /errorReport:prompt Main.cpp
         Main.cpp
     1>c:\users\luis rojas\documents\visual studio 2010\projects\irrlichtvr\irrlichtvr\main.cpp(223): warning C4996: 'wcsncpy': This function or variable may be unsafe. Consider using wcsncpy_s instead. To disable deprecation, use _CRT_SECURE_NO_WARNINGS. See online help for details.
                 c:\program files\microsoft visual studio 10.0\vc\include\wchar.h(1013) : see declaration of 'wcsncpy'
     1>c:\users\luis rojas\documents\visual studio 2010\projects\irrlichtvr\irrlichtvr\main.cpp(289): warning C4996: 'sprintf': This function or variable may be unsafe. Consider using sprintf_s instead. To disable deprecation, use _CRT_SECURE_NO_WARNINGS. See online help for details.
                 c:\program files\microsoft visual studio 10.0\vc\include\stdio.h(371) : see declaration of 'sprintf'
     1>c:\users\luis rojas\documents\visual studio 2010\projects\irrlichtvr\irrlichtvr\main.cpp(291): warning C4996: 'mbstowcs': This function or variable may be unsafe. Consider using mbstowcs_s instead. To disable deprecation, use _CRT_SECURE_NO_WARNINGS. See online help for details.
                 c:\program files\microsoft visual studio 10.0\vc\include\stdlib.h(498) : see declaration of 'mbstowcs'
       ManifestResourceCompile:
         All outputs are up-to-date.
       Link:
         C:\Program Files\Microsoft Visual Studio 10.0\VC\bin\link.exe /ERRORREPORT:PROMPT /OUT:"C:\Users\Luis Rojas\Documents\Visual Studio 2010\Projects\IrrlichtVR\Debug\IrrlichtVR.exe" /INCREMENTAL /NOLOGO /LIBPATH:"C:\irrlicht\lib\Win32-visualstudio" iweardrv.lib iwrstdrv.lib Irrlicht.lib kernel32.lib user32.lib gdi32.lib winspool.lib comdlg32.lib advapi32.lib shell32.lib ole32.lib oleaut32.lib uuid.lib odbc32.lib odbccp32.lib /MANIFEST /ManifestFile:"Debug\IrrlichtVR.exe.intermediate.manifest" /MANIFESTUAC:"level='asInvoker' uiAccess='false'" /DEBUG /PDB:"C:\Users\Luis Rojas\Documents\Visual Studio 2010\Projects\IrrlichtVR\Debug\IrrlichtVR.pdb" /SUBSYSTEM:CONSOLE /TLBID:1 /DYNAMICBASE /NXCOMPAT /IMPLIB:"C:\Users\Luis Rojas\Documents\Visual Studio 2010\Projects\IrrlichtVR\Debug\IrrlichtVR.lib" /MACHINE:X86 Debug\IrrlichtVR.exe.embed.manifest.res
         Debug\IWear_Tracking.obj
         Debug\Main.obj
       Manifest:
         C:\Program Files\Microsoft SDKs\Windows\v7.0A\bin\mt.exe /nologo /verbose /out:"Debug\IrrlichtVR.exe.embed.manifest" /manifest Debug\IrrlichtVR.exe.intermediate.manifest
         All outputs are up-to-date.
       LinkEmbedManifest:
         All outputs are up-to-date.
         IrrlichtVR.vcxproj -> C:\Users\Luis Rojas\Documents\Visual Studio 2010\Projects\IrrlichtVR\Debug\IrrlichtVR.exe
       FinalizeBuildStatus:
         Deleting file "Debug\IrrlichtVR.unsuccessfulbuild".
         Touching "Debug\IrrlichtVR.lastbuildstate".
     1>Done Building Project "C:\Users\Luis Rojas\Documents\Visual Studio 2010\Projects\IrrlichtVR\IrrlichtVR\IrrlichtVR.vcxproj" (build target(s)).

Build succeeded.

Time Elapsed 00:00:01.96
